* installing *source* package ‘artemis’ ...
** R
** data
** demo
** inst
** preparing package for lazy loading
Warning: replacing previous import by ‘Matrix::as.vector’ when loading ‘artemis’
Warning: replacing previous import by ‘grid::arrow’ when loading ‘erccdashboard’
Warning: replacing previous import by ‘grid::unit’ when loading ‘erccdashboard’
Warning: replacing previous import by ‘scales::alpha’ when loading ‘erccdashboard’
Warning: replacing previous import by ‘grid::arrow’ when loading ‘qvalue’
Warning: replacing previous import by ‘grid::unit’ when loading ‘qvalue’
Warning: replacing previous import by ‘ggplot2::Position’ when loading ‘artemis’
Warning: replacing previous import by ‘limma::plotMA’ when loading ‘artemis’
Warning: replacing previous import by ‘parallel::clusterExport’ when loading ‘artemis’
Warning: replacing previous import by ‘parallel::parSapplyLB’ when loading ‘artemis’
Warning: replacing previous import by ‘parallel::clusterApplyLB’ when loading ‘artemis’
Warning: replacing previous import by ‘parallel::parSapply’ when loading ‘artemis’
Warning: replacing previous import by ‘parallel::parApply’ when loading ‘artemis’
Warning: replacing previous import by ‘parallel::clusterMap’ when loading ‘artemis’
Warning: replacing previous import by ‘parallel::clusterApply’ when loading ‘artemis’
Warning: replacing previous import by ‘parallel::clusterEvalQ’ when loading ‘artemis’
Warning: replacing previous import by ‘parallel::clusterCall’ when loading ‘artemis’
Warning: replacing previous import by ‘parallel::parCapply’ when loading ‘artemis’
Warning: replacing previous import by ‘parallel::parRapply’ when loading ‘artemis’
Warning: replacing previous import by ‘parallel::parLapplyLB’ when loading ‘artemis’
Warning: replacing previous import by ‘parallel::parLapply’ when loading ‘artemis’
Warning: replacing previous import by ‘parallel::clusterSplit’ when loading ‘artemis’
Warning: For function ‘features’, signature ‘KallistoExperiment’: argument in method definition changed from (x) to (object)
Warning: For function ‘features’, signature ‘SummarizedExperiment0’: argument in method definition changed from (x) to (object)
** help
*** installing help indices
** building package indices
** installing vignettes
   ‘artemis.Rmd’ using ‘UTF-8’ 
   ‘limmaVoomVsEdgeR.Rmd’ using ‘UTF-8’ 
** testing if installed package can be loaded
Warning: replacing previous import by ‘Matrix::as.vector’ when loading ‘artemis’
Warning: replacing previous import by ‘grid::arrow’ when loading ‘erccdashboard’
Warning: replacing previous import by ‘grid::unit’ when loading ‘erccdashboard’
Warning: replacing previous import by ‘scales::alpha’ when loading ‘erccdashboard’
Warning: replacing previous import by ‘grid::arrow’ when loading ‘qvalue’
Warning: replacing previous import by ‘grid::unit’ when loading ‘qvalue’
Warning: replacing previous import by ‘ggplot2::Position’ when loading ‘artemis’
Warning: replacing previous import by ‘limma::plotMA’ when loading ‘artemis’
Warning: replacing previous import by ‘parallel::clusterExport’ when loading ‘artemis’
Warning: replacing previous import by ‘parallel::parSapplyLB’ when loading ‘artemis’
Warning: replacing previous import by ‘parallel::clusterApplyLB’ when loading ‘artemis’
Warning: replacing previous import by ‘parallel::parSapply’ when loading ‘artemis’
Warning: replacing previous import by ‘parallel::parApply’ when loading ‘artemis’
Warning: replacing previous import by ‘parallel::clusterMap’ when loading ‘artemis’
Warning: replacing previous import by ‘parallel::clusterApply’ when loading ‘artemis’
Warning: replacing previous import by ‘parallel::clusterEvalQ’ when loading ‘artemis’
Warning: replacing previous import by ‘parallel::clusterCall’ when loading ‘artemis’
Warning: replacing previous import by ‘parallel::parCapply’ when loading ‘artemis’
Warning: replacing previous import by ‘parallel::parRapply’ when loading ‘artemis’
Warning: replacing previous import by ‘parallel::parLapplyLB’ when loading ‘artemis’
Warning: replacing previous import by ‘parallel::parLapply’ when loading ‘artemis’
Warning: replacing previous import by ‘parallel::clusterSplit’ when loading ‘artemis’
* DONE (artemis)
